<?xml version="1.0" encoding="UTF-8"?>
<!-- Generated by org.testng.reporters.JUnitXMLReporter -->
<testsuite hostname="DESKTOP-K2UCR1U" ignored="0" name="Default test" tests="5" failures="0" timestamp="2022-06-27T10:30:30 IST" time="122.695" errors="0">
  <testcase name="CalculatorTest1" time="25.409" classname="CalTest.CalTest1"/>
  <testcase name="CalculatorTest2" time="15.692" classname="CalTest.CalTest1"/>
  <testcase name="CalculatorTest3" time="10.393" classname="CalTest.CalTest1"/>
  <testcase name="CalculatorTest4" time="10.322" classname="CalTest.CalTest1"/>
  <testcase name="CalculatorTest5" time="9.971" classname="CalTest.CalTest1"/>
</testsuite> <!-- Default test -->
