<?xml version="1.0" encoding="UTF-8"?>
<!-- Generated by org.testng.reporters.JUnitXMLReporter -->
<testsuite hostname="DESKTOP-K2UCR1U" ignored="0" name="Test" tests="5" failures="0" timestamp="2022-06-24T12:35:08 IST" time="80.809" errors="0">
  <testcase name="CalculatorTest1" time="20.963" classname="CalTest.CalTest1"/>
  <testcase name="CalculatorTest2" time="13.36" classname="CalTest.CalTest1"/>
  <testcase name="CalculatorTest3" time="9.176" classname="CalTest.CalTest1"/>
  <testcase name="CalculatorTest4" time="10.872" classname="CalTest.CalTest1"/>
  <testcase name="CalculatorTest5" time="9.314" classname="CalTest.CalTest1"/>
</testsuite> <!-- Test -->
